0 info it worked if it ends with ok
1 verbose cli [ '/usr/bin/node', '/usr/bin/npm', 'run', 'compile' ]
2 info using npm@3.10.10
3 info using node@v6.10.3
4 verbose run-script [ 'precompile', 'compile', 'postcompile' ]
5 info lifecycle vscode-k8s@0.0.1~precompile: vscode-k8s@0.0.1
6 silly lifecycle vscode-k8s@0.0.1~precompile: no script for precompile, continuing
7 info lifecycle vscode-k8s@0.0.1~compile: vscode-k8s@0.0.1
8 verbose lifecycle vscode-k8s@0.0.1~compile: unsafe-perm in lifecycle true
9 verbose lifecycle vscode-k8s@0.0.1~compile: PATH: /usr/lib/node_modules/npm/bin/node-gyp-bin:/home/jpinkney/Desktop/vscode-k8s/server/node_modules/.bin:/usr/lib64/qt-3.3/bin:/usr/local/bin:/usr/local/sbin:/usr/bin:/usr/sbin:/home/jpinkney/.local/bin:/home/jpinkney/bin
10 verbose lifecycle vscode-k8s@0.0.1~compile: CWD: /home/jpinkney/Desktop/vscode-k8s/server
11 silly lifecycle vscode-k8s@0.0.1~compile: Args: [ '-c',
11 silly lifecycle   'installServerIntoExtension ../client ./package.json ./tsconfig.json && tsc -p .' ]
12 silly lifecycle vscode-k8s@0.0.1~compile: Returned: code: 2  signal: null
13 info lifecycle vscode-k8s@0.0.1~compile: Failed to exec compile script
14 verbose stack Error: vscode-k8s@0.0.1 compile: `installServerIntoExtension ../client ./package.json ./tsconfig.json && tsc -p .`
14 verbose stack Exit status 2
14 verbose stack     at EventEmitter.<anonymous> (/usr/lib/node_modules/npm/lib/utils/lifecycle.js:255:16)
14 verbose stack     at emitTwo (events.js:106:13)
14 verbose stack     at EventEmitter.emit (events.js:191:7)
14 verbose stack     at ChildProcess.<anonymous> (/usr/lib/node_modules/npm/lib/utils/spawn.js:40:14)
14 verbose stack     at emitTwo (events.js:106:13)
14 verbose stack     at ChildProcess.emit (events.js:191:7)
14 verbose stack     at maybeClose (internal/child_process.js:886:16)
14 verbose stack     at Process.ChildProcess._handle.onexit (internal/child_process.js:226:5)
15 verbose pkgid vscode-k8s@0.0.1
16 verbose cwd /home/jpinkney/Desktop/vscode-k8s/server
17 error Linux 4.11.3-202.fc25.x86_64
18 error argv "/usr/bin/node" "/usr/bin/npm" "run" "compile"
19 error node v6.10.3
20 error npm  v3.10.10
21 error code ELIFECYCLE
22 error vscode-k8s@0.0.1 compile: `installServerIntoExtension ../client ./package.json ./tsconfig.json && tsc -p .`
22 error Exit status 2
23 error Failed at the vscode-k8s@0.0.1 compile script 'installServerIntoExtension ../client ./package.json ./tsconfig.json && tsc -p .'.
23 error Make sure you have the latest version of node.js and npm installed.
23 error If you do, this is most likely a problem with the vscode-k8s package,
23 error not with npm itself.
23 error Tell the author that this fails on your system:
23 error     installServerIntoExtension ../client ./package.json ./tsconfig.json && tsc -p .
23 error You can get information on how to open an issue for this project with:
23 error     npm bugs vscode-k8s
23 error Or if that isn't available, you can get their info via:
23 error     npm owner ls vscode-k8s
23 error There is likely additional logging output above.
24 verbose exit [ 1, true ]
